<?xml version="1.0" encoding="UTF-8"?>
<!-- Generated by org.testng.reporters.JUnitReportReporter -->
<testsuite hostname="JSP-TRA-30-PC" name="qsp.Demo" tests="1" failures="0" timestamp="4 May 2017 08:22:43 GMT" time="0.013" errors="0">
  <testcase name="testA" time="0.013" classname="qsp.Demo"/>
</testsuite> <!-- qsp.Demo -->
